{
  "RSpec": {
    "coverage": {
      "/Users/aarongreenspan/turing/3module/personal_project/journal/app/controllers/api/v1/alert_analytics_controller.rb": [
        1,
        null,
        1,
        2,
        2,
        1,
        1,
        null,
        1,
        null,
        null,
        1,
        null,
        1,
        2,
        2,
        null,
        null
      ],
      "/Users/aarongreenspan/turing/3module/personal_project/journal/app/controllers/application_controller.rb": [
        1,
        null,
        1,
        null,
        1,
        1,
        1,
        null,
        1,
        6,
        null,
        null,
        1,
        6,
        null,
        null,
        1,
        9,
        null,
        null,
        1,
        34,
        34,
        34,
        2,
        null,
        null,
        null,
        1,
        null,
        1,
        11,
        null,
        null,
        1,
        6,
        null,
        null,
        1,
        1,
        null,
        null
      ],
      "/Users/aarongreenspan/turing/3module/personal_project/journal/app/controllers/api/v1/emotions_controller.rb": [
        1,
        1,
        4,
        1,
        1,
        null,
        2,
        null,
        null,
        2,
        1,
        null,
        1,
        null,
        null,
        null,
        null,
        1,
        13,
        2,
        1,
        1,
        null,
        1,
        null,
        null,
        null
      ],
      "/Users/aarongreenspan/turing/3module/personal_project/journal/app/controllers/api/v1/journal_entries_controller.rb": [
        1,
        1,
        5,
        5,
        4,
        4,
        4,
        null,
        null,
        4,
        4,
        null,
        1,
        null,
        null,
        null,
        1,
        null,
        1,
        9,
        9,
        null,
        null,
        1,
        4,
        15,
        15,
        null,
        null,
        null
      ],
      "/Users/aarongreenspan/turing/3module/personal_project/journal/app/controllers/dashboards_controller.rb": [
        1,
        1,
        5,
        null,
        null,
        1,
        3,
        3,
        1,
        null,
        3,
        null,
        3,
        0,
        null,
        null,
        null,
        0,
        0,
        null,
        0,
        null,
        3,
        null,
        null,
        1,
        null,
        1,
        5,
        null,
        null
      ],
      "/Users/aarongreenspan/turing/3module/personal_project/journal/app/controllers/sessions_controller.rb": [
        1,
        null,
        1,
        1,
        1,
        1,
        null,
        null,
        1,
        1,
        1,
        null,
        null,
        1,
        1,
        1,
        1,
        1,
        1,
        1,
        null,
        null
      ],
      "/Users/aarongreenspan/turing/3module/personal_project/journal/app/models/app_message.rb": [
        1,
        1,
        null,
        1,
        null,
        null,
        2,
        null,
        null,
        1,
        11,
        11,
        null,
        null,
        1,
        0,
        0,
        0,
        null,
        null,
        null
      ],
      "/Users/aarongreenspan/turing/3module/personal_project/journal/app/models/bayes_suicide_classifier.rb": [
        1,
        1,
        7,
        null,
        null,
        1,
        4,
        4,
        8,
        null,
        4,
        null,
        null,
        1,
        4,
        null,
        null,
        1,
        4,
        null,
        null,
        1,
        null,
        null,
        null,
        8,
        null,
        null,
        null,
        null,
        null,
        null,
        null,
        null,
        null,
        null,
        null,
        null,
        null
      ],
      "/Users/aarongreenspan/turing/3module/personal_project/journal/app/models/chart_params_service.rb": [
        1,
        1,
        1,
        null,
        1,
        4,
        4,
        null,
        null,
        1,
        2,
        0,
        0,
        null,
        2,
        2,
        null,
        2,
        null,
        null,
        1,
        null,
        4,
        null,
        null,
        null,
        null,
        1,
        null,
        0,
        0,
        null,
        0,
        null,
        null
      ],
      "/Users/aarongreenspan/turing/3module/personal_project/journal/app/models/chart_service.rb": [
        1,
        1,
        null,
        1,
        14,
        14,
        14,
        14,
        14,
        null,
        null,
        null,
        null,
        null,
        null,
        null,
        1,
        3,
        3,
        3,
        3,
        null,
        null,
        1,
        2,
        2,
        2,
        2,
        null,
        null,
        1,
        4,
        4,
        9,
        null,
        null,
        null,
        9,
        null,
        4,
        null,
        null,
        null,
        1,
        4,
        4,
        4,
        4,
        null,
        null,
        4,
        null,
        4,
        null,
        null,
        1,
        10,
        10,
        null,
        60,
        20,
        null,
        null,
        null,
        1,
        63,
        21,
        null,
        42,
        null,
        null,
        null
      ],
      "/Users/aarongreenspan/turing/3module/personal_project/journal/app/models/curve_fit.rb": [
        1,
        1,
        34,
        140,
        null,
        null,
        null,
        1,
        143,
        null,
        null,
        1,
        30,
        null,
        null,
        1,
        19,
        98,
        98,
        200,
        null,
        98,
        98,
        null,
        null,
        null,
        1,
        18,
        27,
        null,
        18,
        null,
        null,
        1,
        16,
        16,
        210,
        210,
        16,
        null,
        null
      ],
      "/Users/aarongreenspan/turing/3module/personal_project/journal/app/models/emotion_prototype.rb": [
        1,
        1,
        1,
        null,
        1,
        1,
        1,
        null,
        1,
        0,
        null,
        null
      ],
      "/Users/aarongreenspan/turing/3module/personal_project/journal/app/models/emotion.rb": [
        1,
        1,
        1,
        null,
        1,
        45,
        null,
        null,
        1,
        3,
        null,
        null,
        1,
        3,
        null,
        null,
        1,
        7,
        38,
        null,
        null,
        null
      ],
      "/Users/aarongreenspan/turing/3module/personal_project/journal/app/models/journal_entry.rb": [
        1,
        1,
        1,
        null,
        1,
        5,
        null,
        null,
        1,
        6,
        null,
        null,
        1,
        0,
        null,
        null,
        1,
        0,
        null,
        null,
        1,
        6,
        null,
        null,
        null,
        1,
        36,
        null,
        null,
        1,
        25,
        25,
        null,
        null,
        null,
        null,
        null,
        null,
        null,
        null,
        67,
        null,
        null,
        null
      ],
      "/Users/aarongreenspan/turing/3module/personal_project/journal/app/models/reflective_similarity.rb": [
        1,
        1,
        null,
        1,
        6,
        6,
        6,
        6,
        null,
        null,
        1,
        60,
        null,
        null,
        1,
        18,
        41,
        null,
        null,
        null,
        1,
        17,
        17,
        null,
        null,
        1,
        23,
        null,
        null,
        1,
        23,
        null,
        null,
        1,
        26,
        3,
        3,
        3,
        3,
        23,
        23,
        23,
        23,
        null,
        null,
        3,
        43,
        23,
        null,
        null,
        null,
        1,
        2,
        2,
        2,
        16,
        16,
        null,
        null,
        null
      ],
      "/Users/aarongreenspan/turing/3module/personal_project/journal/app/models/self_reflection.rb": [
        1,
        null,
        1,
        null,
        1,
        1,
        1,
        1,
        1,
        1,
        null,
        null,
        1,
        1,
        1,
        1,
        1,
        8,
        8,
        8,
        null,
        null,
        null
      ],
      "/Users/aarongreenspan/turing/3module/personal_project/journal/app/models/suicidal_entry_classifier.rb": [
        1,
        1,
        null,
        1,
        10,
        10,
        10,
        10,
        null,
        null,
        1,
        5,
        5,
        null,
        null,
        1,
        4,
        null,
        null,
        1,
        null,
        null,
        null,
        null,
        4,
        null,
        null,
        1,
        3,
        null,
        null
      ],
      "/Users/aarongreenspan/turing/3module/personal_project/journal/app/models/training_post.rb": [
        1,
        1,
        4,
        4,
        4,
        4,
        500,
        82,
        null,
        4,
        4,
        4,
        null,
        null
      ],
      "/Users/aarongreenspan/turing/3module/personal_project/journal/app/models/user_emotion_prototype.rb": [
        1,
        1,
        1,
        null
      ],
      "/Users/aarongreenspan/turing/3module/personal_project/journal/app/models/user.rb": [
        1,
        1,
        1,
        1,
        1,
        1,
        null,
        1,
        33,
        33,
        33,
        33,
        33,
        33,
        null,
        null,
        1,
        33,
        null,
        null,
        1,
        27,
        null,
        null,
        1,
        18,
        null,
        null,
        1,
        15,
        5,
        5,
        null,
        null,
        1,
        8,
        null,
        null,
        1,
        8,
        null,
        null,
        1,
        0,
        null,
        null,
        1,
        0,
        null,
        null
      ],
      "/Users/aarongreenspan/turing/3module/personal_project/journal/app/models/concerns/user_helper.rb": [
        1,
        null,
        1,
        25,
        null,
        null,
        1,
        null,
        null,
        null,
        null,
        null,
        18,
        null,
        null,
        1,
        6,
        null,
        18,
        6,
        null,
        null,
        1,
        3,
        null,
        null,
        1,
        2,
        2,
        2,
        null,
        2,
        2,
        null,
        2,
        null,
        10,
        null,
        null,
        null
      ],
      "/Users/aarongreenspan/turing/3module/personal_project/journal/app/models/permission_service.rb": [
        1,
        1,
        null,
        1,
        34,
        null,
        null,
        1,
        34,
        34,
        null,
        null,
        28,
        null,
        6,
        34,
        null,
        null,
        1,
        null,
        1,
        28,
        20,
        20,
        13,
        8,
        6,
        1,
        null,
        null,
        1,
        6,
        4,
        1,
        null,
        null
      ],
      "/Users/aarongreenspan/turing/3module/personal_project/journal/app/models/save_to_drive_service.rb": [
        1,
        1,
        null,
        1,
        4,
        4,
        null,
        null,
        1,
        4,
        null,
        null,
        1,
        4,
        null,
        null,
        1,
        4,
        null,
        null,
        null,
        null,
        null,
        null,
        1,
        4,
        null,
        null,
        1,
        4,
        4,
        4,
        4,
        4,
        null,
        null
      ],
      "/Users/aarongreenspan/turing/3module/personal_project/journal/app/models/google_service.rb": [
        1,
        1,
        null,
        1,
        7,
        7,
        7,
        5,
        5,
        null,
        null,
        null,
        1,
        5,
        5,
        5,
        null,
        null,
        1,
        5,
        null,
        null,
        1,
        null,
        null,
        null,
        null,
        5,
        null,
        null,
        1,
        4,
        null,
        null
      ],
      "/Users/aarongreenspan/turing/3module/personal_project/journal/app/models/auth.rb": [
        1,
        1,
        null,
        1,
        1,
        null,
        1,
        7,
        7,
        null,
        null,
        1,
        7,
        7,
        null,
        7,
        7,
        null,
        null,
        null,
        7,
        7,
        null,
        null,
        1,
        0,
        null,
        null
      ],
      "/Users/aarongreenspan/turing/3module/personal_project/journal/app/controllers/journal_entries_controller.rb": [
        1,
        1,
        null,
        1,
        1,
        2,
        2,
        null,
        null,
        1,
        4,
        4,
        null,
        null,
        1,
        1,
        1,
        1,
        1,
        1,
        1,
        1,
        null,
        null
      ],
      "/Users/aarongreenspan/turing/3module/personal_project/journal/app/controllers/home_controller.rb": [
        1,
        null,
        1,
        2,
        null,
        null,
        null
      ],
      "/Users/aarongreenspan/turing/3module/personal_project/journal/app/models/reddit_miner.rb": [
        1,
        1,
        5,
        5,
        5,
        5,
        null,
        5,
        null,
        null,
        1,
        5,
        500,
        null,
        null,
        null,
        null,
        null,
        null,
        5,
        null,
        null,
        1,
        5,
        null,
        null,
        1,
        4,
        4,
        4,
        4,
        4,
        1,
        1,
        1,
        null,
        4,
        null,
        null,
        1,
        500,
        null,
        null
      ],
      "/Users/aarongreenspan/turing/3module/personal_project/journal/app/models/comparison_chart_service.rb": [
        0,
        0,
        0,
        0,
        0,
        0,
        0,
        0,
        0,
        0,
        0,
        0,
        0,
        0,
        0,
        0,
        0,
        0,
        0,
        0,
        0,
        0,
        0,
        0,
        0,
        0,
        0,
        0,
        0,
        0,
        0,
        0,
        0,
        0,
        0,
        0,
        0,
        0,
        0,
        0,
        0,
        0,
        0,
        0,
        0,
        0,
        0,
        0,
        0,
        0,
        0,
        0,
        0,
        0,
        0,
        0,
        0,
        0,
        0,
        0,
        0,
        0,
        0,
        0,
        0,
        0,
        0,
        0,
        0,
        0,
        0,
        0,
        0,
        0,
        0,
        0,
        0,
        0,
        0,
        0,
        0,
        0,
        0,
        0
      ]
    },
    "timestamp": 1457593523
  }
}
